base.lock.LOCK1
base.lock.LOCK2
base.lock.LOCK3
base.lock.LOCK4
base.lock.LOCK5
base.lock.LOCK6
base.lock.LOCK7
base.delete.deltest1
base.delete.deltest2
base.delete.deltest3
base.delete.deltest4
base.delete.deltest5
base.delete.deltest6
base.delete.deltest7
base.delete.deltest8
base.delete.deltest9
base.delete.deltest10
base.delete.deltest11
base.delete.deltest12
base.delete.deltest13
base.delete.deltest14
base.delete.deltest15
base.delete.deltest16
base.delete.deltest16a
base.delete.deltest17
base.delete.deltest17a
base.delete.deltest17b
base.delete.deltest17c
base.delete.deltest17d
base.delete.deltest17e
base.delete.deltest17f
base.delete.deltest18
base.delete.deltest19
base.delete.deltest20
base.delete.deltest20a
base.delete.deltest20b
base.delete.deltest21
base.delete.deltest22
base.delete.deltest23
base.delete.deltest24
base.fdpass
base.unlink
base.attr
base.trans2
base.birthtime
base.negnowait
base.dir1
base.dir2
base.deny1
base.deny2
base.deny3
base.denydos
base.ntdeny1
base.ntdeny2
base.tcon
base.tcondev
base.vuid
base.rw1
base.open
base.defer_open
base.xcopy
base.iometer
base.rename
base.properties
base.mangle
base.openattr
base.winattr
base.chkpath
base.secleak
base.disconnect
base.createx_access
base.maximum_allowed
smb2.getinfo.complex
smb2.getinfo.fsinfo
smb2.getinfo.qfs_buffercheck
smb2.getinfo.qfile_buffercheck
smb2.getinfo.qsec_buffercheck
smb2.getinfo.granted
smb2.lock.valid-request
smb2.lock.rw-none
smb2.lock.rw-shared
smb2.lock.rw-exclusive
smb2.lock.auto-unlock
smb2.lock.lock
smb2.lock.async
smb2.lock.cancel
smb2.lock.cancel-tdis
smb2.lock.cancel-logoff
smb2.lock.errorcode
smb2.lock.zerobytelength
smb2.lock.zerobyteread
smb2.lock.unlock
smb2.lock.multiple-unlock
smb2.lock.stacking
smb2.lock.contend
smb2.lock.context
smb2.lock.range
smb2.lock.overlap
smb2.lock.truncate
smb2.lock.replay
smb2.read.eof
smb2.read.position
smb2.read.dir
smb2.read.access
smb2.create.gentest
smb2.create.blob
smb2.create.open
smb2.create.brlocked
smb2.create.multi
smb2.create.delete
smb2.create.leading-slash
smb2.create.impersonation
smb2.create.aclfile
smb2.create.acldir
smb2.create.nulldacl
smb2.create.mkdir-dup
smb2.create.dir-alloc-size
smb2.acls.CREATOR
smb2.acls.GENERIC
smb2.acls.OWNER
smb2.acls.INHERITANCE
smb2.acls.INHERITFLAGS
smb2.acls.DYNAMIC
smb2.acls.ACCESSBASED
smb2.notify.valid-req
smb2.notify.tcon
smb2.notify.dir
smb2.notify.mask
smb2.notify.tdis
smb2.notify.tdis1
smb2.notify.mask-change
smb2.notify.close
smb2.notify.logoff
smb2.notify.session-reconnect
smb2.notify.invalid-reauth
smb2.notify.tree
smb2.notify.basedir
smb2.notify.double
smb2.notify.file
smb2.notify.tcp
smb2.notify.rec
smb2.notify.overflow
smb2.notify.rmdir1
smb2.notify.rmdir2
smb2.notify.rmdir3
smb2.notify.rmdir4
smb2.durable-open.open-oplock
smb2.durable-open.open-lease
smb2.durable-open.reopen1
smb2.durable-open.reopen1a
smb2.durable-open.reopen1a-lease
smb2.durable-open.reopen2
smb2.durable-open.reopen2-lease
smb2.durable-open.reopen2-lease-v2
smb2.durable-open.reopen2a
smb2.durable-open.reopen3
smb2.durable-open.reopen4
smb2.durable-open.delete_on_close1
smb2.durable-open.delete_on_close2
smb2.durable-open.file-position
smb2.durable-open.oplock
smb2.durable-open.lease
smb2.durable-open.lock-oplock
smb2.durable-open.lock-lease
smb2.durable-open.open2-lease
smb2.durable-open.open2-oplock
smb2.durable-open.alloc-size
smb2.durable-open.read-only
smb2.durable-open-disconnect.open-oplock-disconnect
smb2.durable-v2-open.create-blob
smb2.durable-v2-open.open-oplock
smb2.durable-v2-open.open-lease
smb2.durable-v2-open.reopen1
smb2.durable-v2-open.reopen1a
smb2.durable-v2-open.reopen1a-lease
smb2.durable-v2-open.reopen2
smb2.durable-v2-open.reopen2b
smb2.durable-v2-open.reopen2c
smb2.durable-v2-open.reopen2-lease
smb2.durable-v2-open.reopen2-lease-v2
smb2.durable-v2-open.app-instance
smb2.durable-v2-open.persistent-open-oplock
smb2.durable-v2-open.persistent-open-lease
smb2.dir.find
smb2.dir.fixed
smb2.dir.one
smb2.dir.many
smb2.dir.modify
smb2.dir.sorted
smb2.dir.file-index
smb2.dir.large-files
smb2.lease.request
smb2.lease.break_twice
smb2.lease.nobreakself
smb2.lease.statopen
smb2.lease.statopen2
smb2.lease.statopen3
smb2.lease.upgrade
smb2.lease.upgrade2
smb2.lease.upgrade3
smb2.lease.break
smb2.lease.oplock
smb2.lease.multibreak
smb2.lease.breaking1
smb2.lease.breaking2
smb2.lease.breaking3
smb2.lease.v2_breaking3
smb2.lease.breaking4
smb2.lease.breaking5
smb2.lease.breaking6
smb2.lease.lock1
smb2.lease.complex1
smb2.lease.v2_request_parent
smb2.lease.v2_request
smb2.lease.v2_epoch1
smb2.lease.v2_epoch2
smb2.lease.v2_epoch3
smb2.lease.v2_complex1
smb2.lease.v2_complex2
smb2.lease.v2_rename
smb2.lease.dynamic_share
smb2.lease.timeout
smb2.compound.related1
smb2.compound.related2
smb2.compound.related3
smb2.compound.unrelated1
smb2.compound.invalid1
smb2.compound.invalid2
smb2.compound.invalid3
smb2.compound.interim1
smb2.compound.interim2
smb2.compound.compound-break
smb2.compound.compound-padding
smb2.compound.create-write-close
smb2.oplock.exclusive1
smb2.oplock.exclusive2
smb2.oplock.exclusive3
smb2.oplock.exclusive4
smb2.oplock.exclusive5
smb2.oplock.exclusive6
smb2.oplock.exclusive9
smb2.oplock.batch1
smb2.oplock.batch2
smb2.oplock.batch3
smb2.oplock.batch4
smb2.oplock.batch5
smb2.oplock.batch6
smb2.oplock.batch7
smb2.oplock.batch8
smb2.oplock.batch9
smb2.oplock.batch9a
smb2.oplock.batch10
smb2.oplock.batch11
smb2.oplock.batch12
smb2.oplock.batch13
smb2.oplock.batch14
smb2.oplock.batch15
smb2.oplock.batch16
smb2.oplock.batch19
smb2.oplock.batch20
smb2.oplock.batch21
smb2.oplock.batch22
smb2.oplock.batch23
smb2.oplock.batch24
smb2.oplock.batch25
smb2.oplock.batch26
smb2.oplock.stream1
smb2.oplock.doc
smb2.oplock.brl1
smb2.oplock.brl2
smb2.oplock.brl3
smb2.oplock.levelii500
smb2.oplock.levelii501
smb2.kernel-oplocks.kernel_oplocks1
smb2.kernel-oplocks.kernel_oplocks2
smb2.kernel-oplocks.kernel_oplocks3
smb2.kernel-oplocks.kernel_oplocks4
smb2.kernel-oplocks.kernel_oplocks5
smb2.kernel-oplocks.kernel_oplocks6
smb2.streams.dir
smb2.streams.io
smb2.streams.sharemodes
smb2.streams.names
smb2.streams.names2
smb2.streams.rename
smb2.streams.rename2
smb2.streams.create-disposition
smb2.streams.attributes
smb2.streams.delete
smb2.streams.zero-byte
smb2.ioctl.shadow_copy
smb2.ioctl.req_resume_key
smb2.ioctl.req_two_resume_keys
smb2.ioctl.copy_chunk_simple
smb2.ioctl.copy_chunk_multi
smb2.ioctl.copy_chunk_tiny
smb2.ioctl.copy_chunk_overwrite
smb2.ioctl.copy_chunk_append
smb2.ioctl.copy_chunk_limits
smb2.ioctl.copy_chunk_src_lock
smb2.ioctl.copy_chunk_dest_lock
smb2.ioctl.copy_chunk_bad_key
smb2.ioctl.copy_chunk_src_is_dest
smb2.ioctl.copy_chunk_src_is_dest_overlap
smb2.ioctl.copy_chunk_bad_access
smb2.ioctl.copy_chunk_write_access
smb2.ioctl.copy_chunk_src_exceed
smb2.ioctl.copy_chunk_src_exceed_multi
smb2.ioctl.copy_chunk_sparse_dest
smb2.ioctl.copy_chunk_max_output_sz
smb2.ioctl.copy_chunk_zero_length
smb2.ioctl.copy-chunk streams
smb2.ioctl.copy_chunk_across_shares
smb2.ioctl.copy_chunk_across_shares2
smb2.ioctl.copy_chunk_across_shares3
smb2.ioctl.compress_file_flag
smb2.ioctl.compress_dir_inherit
smb2.ioctl.compress_invalid_format
smb2.ioctl.compress_invalid_buf
smb2.ioctl.compress_query_file_attr
smb2.ioctl.compress_create_with_attr
smb2.ioctl.compress_inherit_disable
smb2.ioctl.compress_set_file_attr
smb2.ioctl.compress_perms
smb2.ioctl.compress_notsup_get
smb2.ioctl.compress_notsup_set
smb2.ioctl.network_interface_info
smb2.ioctl.sparse_file_flag
smb2.ioctl.sparse_file_attr
smb2.ioctl.sparse_dir_flag
smb2.ioctl.sparse_set_nobuf
smb2.ioctl.sparse_set_oversize
smb2.ioctl.sparse_qar
smb2.ioctl.sparse_qar_malformed
smb2.ioctl.sparse_punch
smb2.ioctl.sparse_hole_dealloc
smb2.ioctl.sparse_compressed
smb2.ioctl.sparse_copy_chunk
smb2.ioctl.sparse_punch_invalid
smb2.ioctl.sparse_perms
smb2.ioctl.sparse_lock
smb2.ioctl.sparse_qar_ob1
smb2.ioctl.sparse_qar_multi
smb2.ioctl.sparse_qar_overflow
smb2.ioctl.trim_simple
smb2.ioctl.dup_extents_simple
smb2.ioctl.dup_extents_len_beyond_dest
smb2.ioctl.dup_extents_len_beyond_src
smb2.ioctl.dup_extents_len_zero
smb2.ioctl.dup_extents_sparse_src
smb2.ioctl.dup_extents_sparse_dest
smb2.ioctl.dup_extents_sparse_both
smb2.ioctl.dup_extents_src_is_dest
smb2.ioctl.dup_extents_src_is_dest_overlap
smb2.ioctl.dup_extents_compressed_src
smb2.ioctl.dup_extents_compressed_dest
smb2.ioctl.dup_extents_bad_handle
smb2.ioctl.dup_extents_src_lock
smb2.ioctl.dup_extents_dest_lock
smb2.rename.simple
smb2.rename.simple_nodelete
smb2.rename.no_sharing
smb2.rename.share_delete_and_delete_access
smb2.rename.no_share_delete_but_delete_access
smb2.rename.share_delete_no_delete_access
smb2.rename.no_share_delete_no_delete_access
smb2.rename.msword
smb2.rename.rename_dir_openfile
smb2.rename.rename_dir_bench
smb2.session.reconnect1
smb2.session.reconnect2
smb2.session.reauth1
smb2.session.reauth2
smb2.session.reauth3
smb2.session.reauth4
smb2.session.reauth5
smb2.session.reauth6
smb2.session.expire1
smb2.session.bind1
smb2.replay.replay-commands
smb2.replay.replay-regular
smb2.replay.replay-dhv2-oplock1
smb2.replay.replay-dhv2-oplock2
smb2.replay.replay-dhv2-oplock3
smb2.replay.replay-dhv2-oplock-lease
smb2.replay.replay-dhv2-lease1
smb2.replay.replay-dhv2-lease2
smb2.replay.replay-dhv2-lease3
smb2.replay.replay-dhv2-lease-oplock
smb2.replay.channel-sequence
smb2.replay.replay3
smb2.replay.replay4
smb2.replay.replay5
smb2.replay.replay6
smb2.delete-on-close-perms.OVERWRITE_IF
smb2.delete-on-close-perms.OVERWRITE_IF Existing
smb2.delete-on-close-perms.CREATE
smb2.delete-on-close-perms.CREATE Existing
smb2.delete-on-close-perms.CREATE_IF
smb2.delete-on-close-perms.CREATE_IF Existing
smb2.connect
smb2.setinfo
smb2.dosmode
raw.sfileinfo.base
raw.sfileinfo.rename
raw.sfileinfo.bug
raw.sfileinfo.end-of-file
raw.sfileinfo.end-of-file-access
raw.sfileinfo.archive
raw.search.one file search
raw.search.many files
raw.search.sorted
raw.search.modify search
raw.search.many dirs
raw.search.os2 delete
raw.search.ea list
raw.search.max count
raw.open.brlocked
raw.open.open
raw.open.open-multi
raw.open.openx
raw.open.ntcreatex
raw.open.nttrans-create
raw.open.t2open
raw.open.mknew
raw.open.create
raw.open.ctemp
raw.open.chained-openx
raw.open.chained-ntcreatex
raw.open.no-leading-slash
raw.open.openx-over-dir
raw.open.open-for-delete
raw.open.opendisp-dir
raw.open.ntcreatedir
raw.open.open-for-truncate
raw.open.ntcreatex_supersede
raw.oplock.exclusive1
raw.oplock.exclusive2
raw.oplock.exclusive3
raw.oplock.exclusive4
raw.oplock.exclusive5
raw.oplock.exclusive6
raw.oplock.exclusive7
raw.oplock.exclusive8
raw.oplock.exclusive9
raw.oplock.level_ii_1
raw.oplock.batch1
raw.oplock.batch2
raw.oplock.batch3
raw.oplock.batch4
raw.oplock.batch5
raw.oplock.batch6
raw.oplock.batch7
raw.oplock.batch8
raw.oplock.batch9
raw.oplock.batch9a
raw.oplock.batch10
raw.oplock.batch11
raw.oplock.batch12
raw.oplock.batch13
raw.oplock.batch14
raw.oplock.batch15
raw.oplock.batch16
raw.oplock.batch17
raw.oplock.batch18
raw.oplock.batch19
raw.oplock.batch20
raw.oplock.batch21
raw.oplock.batch22
raw.oplock.batch23
raw.oplock.batch24
raw.oplock.batch25
raw.oplock.batch26
raw.oplock.stream1
raw.oplock.doc1
raw.oplock.brl1
raw.oplock.brl2
raw.oplock.brl3
raw.oplock.brl4
raw.notify.tcon
raw.notify.dir
raw.notify.mask
raw.notify.recursive
raw.notify.mask_change
raw.notify.file
raw.notify.tdis
raw.notify.exit
raw.notify.ulogoff
raw.notify.tcp_dis
raw.notify.double
raw.notify.tree
raw.notify.overflow
raw.notify.basedir
raw.notify.alignment
raw.unlink.unlink
raw.unlink.delete_on_close
raw.unlink.unlink-defer
raw.read.read
raw.read.readx
raw.read.lockread
raw.read.readbraw
raw.read.read for execute
raw.write.write
raw.write.write unlock
raw.write.write close
raw.write.writex
raw.lock.lockx
raw.lock.lock
raw.lock.pidhigh
raw.lock.async
raw.lock.errorcode
raw.lock.changetype
raw.lock.stacking
raw.lock.unlock
raw.lock.multiple_unlock
raw.lock.zerobytelocks
raw.lock.zerobyteread
raw.lock.multilock
raw.lock.multilock2
raw.context.session1
raw.context.tree
raw.context.tree_ulogoff
raw.context.pid_only_sess
raw.context.pid_2sess
raw.context.pid_2tcon
raw.session.reauth1
raw.session.reauth2
raw.session.expire1
raw.rename.mv
raw.rename.trans2rename
raw.rename.nttransrename
raw.rename.ntrename
raw.rename.osxrename
raw.rename.directory rename
raw.streams.dir
raw.streams.io
raw.streams.sharemodes
raw.streams.delete
raw.streams.names
raw.streams.names2
raw.streams.rename
raw.streams.rename2
raw.streams.rename3
raw.streams.createdisp
raw.streams.attr
raw.streams.sumtab
raw.streams.perms
raw.acls.sd
raw.acls.create_file
raw.acls.create_dir
raw.acls.nulldacl
raw.acls.creator
raw.acls.generic
raw.acls.owner
raw.acls.inheritance
raw.acls.INHERITFLAGS
raw.acls.dynamic
raw.composite.fetchfile
raw.composite.loadfile
raw.composite.appendacl
raw.composite.fsinfo
raw.qfsinfo
raw.qfileinfo
raw.qfileinfo.ipc.qfileinfo.ipc
raw.close
raw.mkdir
raw.mux
raw.ioctl
raw.chkpath
raw.seek
raw.eas
